[1/492] Building C object src/CMakeFiles/86Box.dir/random.c.obj
[2/492] Building C object src/CMakeFiles/86Box.dir/nmi.c.obj
[3/492] Building C object src/CMakeFiles/86Box.dir/log.c.obj
[4/492] Building C object src/CMakeFiles/86Box.dir/apm.c.obj
[5/492] Building C object src/CMakeFiles/86Box.dir/ppi.c.obj
[6/492] Building C object src/CMakeFiles/86Box.dir/ddma.c.obj
[7/492] Building C object src/CMakeFiles/86Box.dir/timer.c.obj
[8/492] Building C object src/CMakeFiles/86Box.dir/mca.c.obj
[9/492] Building C object src/CMakeFiles/86Box.dir/port_6x.c.obj
[10/492] Building C object src/CMakeFiles/86Box.dir/fifo8.c.obj
[11/492] Building C object src/CMakeFiles/86Box.dir/port_92.c.obj
[12/492] Building C object src/CMakeFiles/86Box.dir/io.c.obj
[13/492] Building C object src/CMakeFiles/86Box.dir/usb.c.obj
[14/492] Building C object src/CMakeFiles/86Box.dir/nvr_ps2.c.obj
[15/492] Building C object src/CMakeFiles/86Box.dir/machine_status.c.obj
[16/492] Building C object src/CMakeFiles/vnc.dir/vnc_keymap.c.obj
[17/492] Building C object src/CMakeFiles/86Box.dir/pit_fast.c.obj
[18/492] Building C object src/CMakeFiles/86Box.dir/nvr.c.obj
[19/492] Building C object src/CMakeFiles/86Box.dir/pic.c.obj
[20/492] Building C object src/CMakeFiles/86Box.dir/86box.c.obj
[21/492] Building C object src/CMakeFiles/86Box.dir/pit.c.obj
[22/492] Building C object src/CMakeFiles/86Box.dir/pci.c.obj
[23/492] Building C object src/cdrom/CMakeFiles/cdrom.dir/cdrom_image.c.obj
[24/492] Building C object src/cdrom/CMakeFiles/cdrom.dir/cdrom_mitsumi.c.obj
[25/492] Building C object src/CMakeFiles/86Box.dir/device.c.obj
[26/492] Building C object src/chipset/CMakeFiles/chipset.dir/82c100.c.obj
[27/492] Building C object src/chipset/CMakeFiles/chipset.dir/acc2168.c.obj
[28/492] Building C object src/CMakeFiles/86Box.dir/ini.c.obj
[29/492] Building C object src/CMakeFiles/86Box.dir/nvr_at.c.obj
[30/492] Building C object src/chipset/CMakeFiles/chipset.dir/ali1429.c.obj
[31/492] Building C object src/chipset/CMakeFiles/chipset.dir/cs8230.c.obj
[32/492] Building C object src/CMakeFiles/86Box.dir/dma.c.obj
[33/492] Building C object src/chipset/CMakeFiles/chipset.dir/ali1531.c.obj
[34/492] Building C object src/CMakeFiles/86Box.dir/acpi.c.obj
[35/492] Building C object src/chipset/CMakeFiles/chipset.dir/ali1489.c.obj
[36/492] Building C object src/chipset/CMakeFiles/chipset.dir/intel_82335.c.obj
[37/492] Building C object src/chipset/CMakeFiles/chipset.dir/cs4031.c.obj
[38/492] Building C object src/chipset/CMakeFiles/chipset.dir/ali1541.c.obj
[39/492] Building C object src/chipset/CMakeFiles/chipset.dir/contaq_82c59x.c.obj
[40/492] Building C object src/chipset/CMakeFiles/chipset.dir/ali6117.c.obj
[41/492] Building C object src/CMakeFiles/86Box.dir/discord.c.obj
[42/492] Building C object src/chipset/CMakeFiles/chipset.dir/__/ioapic.c.obj
[43/492] Building C object src/chipset/CMakeFiles/chipset.dir/ims8848.c.obj
[44/492] Building C object src/chipset/CMakeFiles/chipset.dir/ali1621.c.obj
[45/492] Building C object src/cdrom/CMakeFiles/cdrom.dir/cdrom_image_backend.c.obj
[46/492] Building C object src/chipset/CMakeFiles/chipset.dir/intel_420ex.c.obj
[47/492] Building C object src/chipset/CMakeFiles/chipset.dir/headland.c.obj
[48/492] Building C object src/chipset/CMakeFiles/chipset.dir/intel_sio.c.obj
[49/492] Building C object src/cdrom/CMakeFiles/cdrom.dir/cdrom.c.obj
[50/492] Building CXX object src/CMakeFiles/86Box.dir/thread.cpp.obj
[51/492] Building C object src/chipset/CMakeFiles/chipset.dir/opti291.c.obj
[52/492] Building C object src/chipset/CMakeFiles/chipset.dir/opti391.c.obj
[53/492] Building C object src/chipset/CMakeFiles/chipset.dir/neat.c.obj
[54/492] Building C object src/chipset/CMakeFiles/chipset.dir/opti495.c.obj
[55/492] Building C object src/CMakeFiles/vnc.dir/vnc.c.obj
[56/492] Building C object src/chipset/CMakeFiles/chipset.dir/opti283.c.obj
[57/492] Building C object src/chipset/CMakeFiles/chipset.dir/ali1543.c.obj
[58/492] Building C object src/chipset/CMakeFiles/chipset.dir/opti5x7.c.obj
[59/492] Building C object src/chipset/CMakeFiles/chipset.dir/opti895.c.obj
[60/492] Building C object src/chipset/CMakeFiles/chipset.dir/sis_85c310.c.obj
[61/492] Building C object src/chipset/CMakeFiles/chipset.dir/intel_i450kx.c.obj
[62/492] Building C object src/CMakeFiles/86Box.dir/config.c.obj
[63/492] Building C object src/chipset/CMakeFiles/chipset.dir/opti822.c.obj
[64/492] Building C object src/cdrom/CMakeFiles/cdrom.dir/cdrom_image_viso.c.obj
[65/492] Building C object src/chipset/CMakeFiles/chipset.dir/sis_85c50x.c.obj
[66/492] Building C object src/chipset/CMakeFiles/chipset.dir/sis_85c4xx.c.obj
[67/492] Building C object src/chipset/CMakeFiles/chipset.dir/via_vt82c505.c.obj
[68/492] Building C object src/chipset/CMakeFiles/chipset.dir/intel_4x0.c.obj
[69/492] Building C object src/chipset/CMakeFiles/chipset.dir/gc100.c.obj
[70/492] Building C object src/chipset/CMakeFiles/chipset.dir/olivetti_eva.c.obj
[71/492] Building C object src/chipset/CMakeFiles/chipset.dir/via_vt82c49x.c.obj
[72/492] Building C object src/chipset/CMakeFiles/chipset.dir/vl82c480.c.obj
[73/492] Building C object src/chipset/CMakeFiles/chipset.dir/umc_8886.c.obj
[74/492] Building C object src/chipset/CMakeFiles/chipset.dir/sis_5571.c.obj
[75/492] Building C object src/cpu/CMakeFiles/cpu.dir/cpu_table.c.obj
[76/492] Building C object src/chipset/CMakeFiles/chipset.dir/sis_85c496.c.obj
[77/492] Building C object src/chipset/CMakeFiles/chipset.dir/umc_hb4.c.obj
[78/492] Building C object src/chipset/CMakeFiles/chipset.dir/scamp.c.obj
[79/492] Building C object src/chipset/CMakeFiles/chipset.dir/sis_5511.c.obj
[80/492] Building C object src/cpu/CMakeFiles/cpu.dir/fpu.c.obj
[81/492] Building C object src/chipset/CMakeFiles/chipset.dir/wd76c10.c.obj
[82/492] Building C object src/chipset/CMakeFiles/chipset.dir/intel_piix.c.obj
[83/492] Building C object src/cpu/CMakeFiles/cpu.dir/x87_timings.c.obj
[84/492] Building C object src/cpu/CMakeFiles/cpu.dir/x86.c.obj
[85/492] Building C object src/cpu/CMakeFiles/cpu.dir/x87.c.obj
[86/492] Building C object src/chipset/CMakeFiles/chipset.dir/via_apollo.c.obj
[87/492] Building C object src/cpu/CMakeFiles/cgt.dir/codegen_timing_common.c.obj
[88/492] Building C object src/cpu/CMakeFiles/cpu.dir/8080.c.obj
[89/492] Building C object src/chipset/CMakeFiles/chipset.dir/stpc.c.obj
[90/492] Building C object src/cpu/CMakeFiles/cgt.dir/codegen_timing_486.c.obj
[91/492] Building C object src/codegen/CMakeFiles/dynarec.dir/codegen.c.obj
[92/492] Building C object src/cpu/CMakeFiles/cpu.dir/386.c.obj
[93/492] Building C object src/cpu/CMakeFiles/cgt.dir/codegen_timing_686.c.obj
[94/492] Building C object src/chipset/CMakeFiles/chipset.dir/scat.c.obj
[95/492] Building C object src/cpu/CMakeFiles/cgt.dir/codegen_timing_winchip.c.obj
[96/492] Building C object src/codegen/CMakeFiles/dynarec.dir/codegen_accumulate_x86.c.obj
[97/492] Building C object src/device/CMakeFiles/dev.dir/bugger.c.obj
[98/492] Building C object src/cpu/CMakeFiles/cgt.dir/codegen_timing_k6.c.obj
[99/492] Building C object src/device/CMakeFiles/dev.dir/cartridge.c.obj
[100/492] Building C object src/device/CMakeFiles/dev.dir/hwm.c.obj
[101/492] Building C object src/cpu/CMakeFiles/cgt.dir/codegen_timing_winchip2.c.obj
[102/492] Building C object src/cpu/CMakeFiles/cgt.dir/codegen_timing_p6.c.obj
[103/492] Building C object src/device/CMakeFiles/dev.dir/hasp.c.obj
[104/492] Building C object src/cpu/CMakeFiles/cgt.dir/codegen_timing_pentium.c.obj
[105/492] Building C object src/chipset/CMakeFiles/chipset.dir/via_pipc.c.obj
[106/492] Building C object src/device/CMakeFiles/dev.dir/hwm_lm75.c.obj
[107/492] Building C object src/device/CMakeFiles/dev.dir/hwm_vt82c686.c.obj
[108/492] Building C object src/device/CMakeFiles/dev.dir/hwm_gl518sm.c.obj
[109/492] Building C object src/device/CMakeFiles/dev.dir/ibm_5161.c.obj
[110/492] Building C object src/device/CMakeFiles/dev.dir/cassette.c.obj
[111/492] Building C object src/device/CMakeFiles/dev.dir/postcard.c.obj
[112/492] Building C object src/device/CMakeFiles/dev.dir/__/lpt.c.obj
[113/492] Building C object src/device/CMakeFiles/dev.dir/pci_bridge.c.obj
[114/492] Building C object src/device/CMakeFiles/dev.dir/isamem.c.obj
[115/492] Building C object src/device/CMakeFiles/dev.dir/hwm_lm78.c.obj
[116/492] Building C object src/device/CMakeFiles/dev.dir/clock_ics9xxx.c.obj
[117/492] Building C object src/device/CMakeFiles/dev.dir/i2c.c.obj
[118/492] Building C object src/device/CMakeFiles/dev.dir/i2c_gpio.c.obj
[119/492] Building C object src/device/CMakeFiles/dev.dir/isartc.c.obj
[120/492] Building C object src/cpu/CMakeFiles/cpu.dir/386_common.c.obj
[121/492] Building C object src/device/CMakeFiles/dev.dir/smbus_ali7101.c.obj
[122/492] Building C object src/device/CMakeFiles/dev.dir/smbus_piix4.c.obj
[123/492] Building C object src/device/CMakeFiles/dev.dir/keyboard.c.obj
[124/492] Building C object src/device/CMakeFiles/dev.dir/serial.c.obj
[125/492] Building C object src/cpu/CMakeFiles/cpu.dir/cpu.c.obj
[126/492] Building C object src/disk/CMakeFiles/hdd.dir/hdd_table.c.obj
[127/492] Building C object src/device/CMakeFiles/dev.dir/mouse.c.obj
[128/492] Building C object src/device/CMakeFiles/dev.dir/phoenix_486_jumper.c.obj
[129/492] Building C object src/device/CMakeFiles/dev.dir/isapnp.c.obj
[130/492] Building C object src/device/CMakeFiles/dev.dir/keyboard_xt.c.obj
[131/492] Building C object src/disk/CMakeFiles/hdd.dir/hdc.c.obj
[132/492] Building C object src/device/CMakeFiles/dev.dir/mouse_ps2.c.obj
[133/492] Building C object src/device/CMakeFiles/dev.dir/mouse_bus.c.obj
[134/492] Building C object src/disk/CMakeFiles/hdd.dir/hdd.c.obj
[135/492] Building C object src/cpu/CMakeFiles/cpu.dir/x86seg.c.obj
[136/492] Building C object src/disk/CMakeFiles/hdd.dir/hdc_xtide.c.obj
[137/492] Building C object src/device/CMakeFiles/dev.dir/mouse_serial.c.obj
[138/492] Building C object src/disk/CMakeFiles/hdd.dir/hdc_st506_at.c.obj
[139/492] Building C object src/disk/CMakeFiles/hdd.dir/hdc_ide_opti611.c.obj
[140/492] Building C object src/disk/CMakeFiles/hdd.dir/hdd_image.c.obj
[141/492] Building C object src/disk/CMakeFiles/hdd.dir/hdc_ide_cmd646.c.obj
[142/492] Building C object src/disk/CMakeFiles/hdd.dir/hdc_esdi_at.c.obj
[143/492] Building C object src/disk/CMakeFiles/hdd.dir/hdc_ide_cmd640.c.obj
[144/492] Building C object src/disk/CMakeFiles/hdd.dir/hdc_ide_sff8038i.c.obj
[145/492] Building C object src/disk/CMakeFiles/hdd.dir/hdc_xta.c.obj
[146/492] Building C object src/disk/CMakeFiles/hdd.dir/hdc_esdi_mca.c.obj
[147/492] Building C object src/device/CMakeFiles/dev.dir/keyboard_at.c.obj
[148/492] Building C object src/disk/minivhd/CMakeFiles/minivhd.dir/minivhd_convert.c.obj
[149/492] Building C object src/disk/CMakeFiles/hdd.dir/hdc_st506_xt.c.obj
[150/492] Building C object src/disk/minivhd/CMakeFiles/minivhd.dir/libxml2_encoding.c.obj
[151/492] Building C object src/disk/minivhd/CMakeFiles/minivhd.dir/minivhd_io.c.obj
[152/492] Building C object src/floppy/CMakeFiles/fdd.dir/fdc_magitronic.c.obj
[153/492] Building C object src/disk/minivhd/CMakeFiles/minivhd.dir/minivhd_struct_rw.c.obj
[154/492] Building C object src/floppy/CMakeFiles/fdd.dir/fdc_monster.c.obj
[155/492] Building C object src/floppy/CMakeFiles/fdd.dir/fdc_pii15xb.c.obj
[156/492] Building C object src/disk/minivhd/CMakeFiles/minivhd.dir/minivhd_create.c.obj
[157/492] Building C object src/disk/minivhd/CMakeFiles/minivhd.dir/minivhd_manage.c.obj
[158/492] Building C object src/disk/minivhd/CMakeFiles/minivhd.dir/minivhd_util.c.obj
[159/492] Building C object src/floppy/CMakeFiles/fdd.dir/fdd_common.c.obj
[160/492] Building C object src/disk/minivhd/CMakeFiles/minivhd.dir/cwalk.c.obj
[161/492] Building C object src/floppy/CMakeFiles/fdd.dir/fdd.c.obj
[162/492] Building C object src/codegen/CMakeFiles/dynarec.dir/codegen_x86.c.obj
[163/492] Building C object src/floppy/CMakeFiles/fdd.dir/fdd_fdi.c.obj
[164/492] Building C object src/game/CMakeFiles/game.dir/joystick_ch_flightstick_pro.c.obj
[165/492] Building C object src/game/CMakeFiles/game.dir/joystick_standard.c.obj
[166/492] Building C object src/floppy/CMakeFiles/fdd.dir/fdd_mfm.c.obj
[167/492] Building C object src/game/CMakeFiles/game.dir/joystick_tm_fcs.c.obj
[168/492] Building C object src/game/CMakeFiles/game.dir/gameport.c.obj
[169/492] Building C object src/disk/CMakeFiles/zip.dir/zip.c.obj
[170/492] Linking C static library src\disk\minivhd\libminivhd.a
[171/492] Building C object src/game/CMakeFiles/game.dir/joystick_sw_pad.c.obj
[172/492] Building C object src/machine/CMakeFiles/mch.dir/machine.c.obj
[173/492] Building C object src/floppy/CMakeFiles/fdd.dir/fdd_json.c.obj
[174/492] Building C object src/machine/CMakeFiles/mch.dir/m_xt_compaq.c.obj
[175/492] Building C object src/floppy/CMakeFiles/fdd.dir/fdd_imd.c.obj
[176/492] Building C object src/machine/CMakeFiles/mch.dir/m_xt_philips.c.obj
[177/492] Building C object src/machine/CMakeFiles/mch.dir/machine_table.c.obj
[178/492] Building C object src/floppy/CMakeFiles/fdd.dir/fdd_img.c.obj
[179/492] Building C object src/machine/CMakeFiles/mch.dir/m_xt_xi8088.c.obj
[180/492] Building C object src/machine/CMakeFiles/mch.dir/m_xt_zenith.c.obj
[181/492] Building C object src/machine/CMakeFiles/mch.dir/m_xt.c.obj
[182/492] Building C object src/floppy/CMakeFiles/fdd.dir/fdd_td0.c.obj
[183/492] Building C object src/disk/CMakeFiles/hdd.dir/hdc_ide.c.obj
[184/492] Building C object src/machine/CMakeFiles/mch.dir/m_elt.c.obj
[185/492] Building C object src/machine/CMakeFiles/mch.dir/m_v86p.c.obj
[186/492] Building C object src/floppy/CMakeFiles/fdd.dir/fdc.c.obj
[187/492] Building C object src/machine/CMakeFiles/mch.dir/m_europc.c.obj
[188/492] Building C object src/machine/CMakeFiles/mch.dir/m_at_commodore.c.obj
[189/492] Building C object src/machine/CMakeFiles/mch.dir/m_at.c.obj
[190/492] Building C object src/machine/CMakeFiles/mch.dir/m_xt_t1000_vid.c.obj
[191/492] Building C object src/machine/CMakeFiles/mch.dir/m_xt_t1000.c.obj
[192/492] Building C object src/floppy/CMakeFiles/fdd.dir/fdi2raw.c.obj
[193/492] Building C object src/machine/CMakeFiles/mch.dir/m_ps2_isa.c.obj
[194/492] Building C object src/machine/CMakeFiles/mch.dir/m_ps1.c.obj
[195/492] Building C object src/disk/CMakeFiles/mo.dir/mo.c.obj
[196/492] Building C object src/machine/CMakeFiles/mch.dir/m_pcjr.c.obj
[197/492] Building C object src/machine/CMakeFiles/mch.dir/m_at_t3100e.c.obj
[198/492] Building C object src/cpu/CMakeFiles/cpu.dir/808x.c.obj
[199/492] Building C object src/machine/CMakeFiles/mch.dir/m_at_socket4.c.obj
[200/492] Building C object src/machine/CMakeFiles/mch.dir/m_xt_olivetti.c.obj
[201/492] Building C object src/machine/CMakeFiles/mch.dir/m_at_socket5.c.obj
[202/492] Building C object src/machine/CMakeFiles/mch.dir/m_ps1_hdc.c.obj
[203/492] Building C object src/machine/CMakeFiles/mch.dir/m_at_t3100e_vid.c.obj
[204/492] Building C object src/machine/CMakeFiles/mch.dir/m_at_286_386sx.c.obj
[205/492] Building C object src/machine/CMakeFiles/mch.dir/m_at_slot2.c.obj
[206/492] Building C object src/machine/CMakeFiles/mch.dir/m_at_sockets7.c.obj
[207/492] Building C object src/machine/CMakeFiles/mch.dir/m_at_socket8.c.obj
[208/492] Building C object src/machine/CMakeFiles/mch.dir/m_tandy.c.obj
[209/492] Building C object src/machine/CMakeFiles/mch.dir/m_at_socket7_3v.c.obj
[210/492] Building C object src/machine/CMakeFiles/mch.dir/m_at_misc.c.obj
[211/492] Building C object src/machine/CMakeFiles/mch.dir/m_at_socket370.c.obj
[212/492] Building C object src/machine/CMakeFiles/mch.dir/m_at_compaq.c.obj
[213/492] Building C object src/machine/CMakeFiles/mch.dir/m_ps2_mca.c.obj
[214/492] Building C object src/machine/CMakeFiles/mch.dir/m_xt_laserxt.c.obj
[215/492] Building C object src/mem/CMakeFiles/mem.dir/i2c_eeprom.c.obj
[216/492] Building C object src/mem/CMakeFiles/mem.dir/catalyst_flash.c.obj
[217/492] Building C object src/machine/CMakeFiles/mch.dir/m_at_slot1.c.obj
[218/492] Building C object src/machine/CMakeFiles/mch.dir/m_at_socket7.c.obj
[219/492] Building C object src/machine/CMakeFiles/mch.dir/m_amstrad.c.obj
[220/492] Building C object src/floppy/CMakeFiles/fdd.dir/fdd_86f.c.obj
[221/492] Building C object src/machine/CMakeFiles/mch.dir/m_at_386dx_486.c.obj
[222/492] Building C object src/mem/CMakeFiles/mem.dir/intel_flash.c.obj
[223/492] Building C object src/mem/CMakeFiles/mem.dir/smram.c.obj
[224/492] Building C object src/mem/CMakeFiles/mem.dir/sst_flash.c.obj
[225/492] Building C object src/mem/CMakeFiles/mem.dir/spd.c.obj
[226/492] Building C object src/network/CMakeFiles/net.dir/net_3c503.c.obj
[227/492] Building C object src/mem/CMakeFiles/mem.dir/rom.c.obj
[228/492] Building C object src/network/CMakeFiles/net.dir/net_plip.c.obj
[229/492] Building C object src/network/CMakeFiles/net.dir/net_pcap.c.obj
[230/492] Building C object src/network/CMakeFiles/net.dir/net_3c501.c.obj
[231/492] Building C object src/network/CMakeFiles/net.dir/net_event.c.obj
[232/492] Building C object src/network/CMakeFiles/net.dir/net_dp8390.c.obj
[233/492] Building C object src/network/CMakeFiles/net.dir/net_wd8003.c.obj
[234/492] Building C object src/network/CMakeFiles/net.dir/net_ne2000.c.obj
[235/492] Building C object src/network/CMakeFiles/net.dir/network.c.obj
[236/492] Building C object src/network/CMakeFiles/net.dir/net_slirp.c.obj
[237/492] Building C object src/network/slirp/CMakeFiles/slirp.dir/arp_table.c.obj
[238/492] Building C object src/mem/CMakeFiles/mem.dir/mem.c.obj
[239/492] Building C object src/network/slirp/CMakeFiles/slirp.dir/cksum.c.obj
[240/492] Building C object src/network/slirp/CMakeFiles/slirp.dir/bootp.c.obj
[241/492] Building C object src/network/slirp/CMakeFiles/slirp.dir/if.c.obj
[242/492] Building C object src/network/slirp/CMakeFiles/slirp.dir/ip_output.c.obj
[243/492] Building C object src/network/slirp/CMakeFiles/slirp.dir/dnssearch.c.obj
[244/492] Building C object src/network/slirp/CMakeFiles/slirp.dir/ip_icmp.c.obj
[245/492] Building C object src/network/slirp/CMakeFiles/slirp.dir/ip_input.c.obj
[246/492] Building C object src/network/slirp/CMakeFiles/slirp.dir/sbuf.c.obj
[247/492] Building C object src/network/slirp/CMakeFiles/slirp.dir/mbuf.c.obj
[248/492] Building C object src/network/slirp/CMakeFiles/slirp.dir/tinyglib.c.obj
[249/492] Building C object src/network/slirp/CMakeFiles/slirp.dir/misc.c.obj
[250/492] Building C object src/printer/CMakeFiles/print.dir/prt_cpmap.c.obj
[251/492] Building C object src/printer/CMakeFiles/print.dir/png.c.obj
[252/492] Building C object src/network/slirp/CMakeFiles/slirp.dir/tcp_output.c.obj
[253/492] Building C object src/codegen/CMakeFiles/dynarec.dir/codegen_ops.c.obj
[254/492] Building C object src/sio/CMakeFiles/sio.dir/sio_acc3221.c.obj
[255/492] Building C object src/printer/CMakeFiles/print.dir/prt_text.c.obj
[256/492] Building C object src/printer/CMakeFiles/print.dir/prt_ps.c.obj
[257/492] Building C object src/network/slirp/CMakeFiles/slirp.dir/socket.c.obj
[258/492] Building C object src/sio/CMakeFiles/sio.dir/sio_f82c710.c.obj
[259/492] Building C object src/sio/CMakeFiles/sio.dir/sio_ali5123.c.obj
[260/492] Building C object src/network/CMakeFiles/net.dir/net_pcnet.c.obj
[261/492] Building C object src/network/slirp/CMakeFiles/slirp.dir/tcp_input.c.obj
[262/492] Building C object src/sio/CMakeFiles/sio.dir/sio_fdc37c6xx.c.obj
[263/492] Building C object src/network/slirp/CMakeFiles/slirp.dir/slirp.c.obj
[264/492] Building C object src/sio/CMakeFiles/sio.dir/sio_82091aa.c.obj
[265/492] Building C object src/sio/CMakeFiles/sio.dir/sio_fdc37c669.c.obj
[266/492] Building C object src/network/slirp/CMakeFiles/slirp.dir/tcp_subr.c.obj
[267/492] Building C object src/sio/CMakeFiles/sio.dir/sio_fdc37c67x.c.obj
[268/492] Building C object src/sio/CMakeFiles/sio.dir/sio_fdc37m60x.c.obj
[269/492] Building C object src/sio/CMakeFiles/sio.dir/sio_it8661f.c.obj
[270/492] Building C object src/network/slirp/CMakeFiles/slirp.dir/version.c.obj
[271/492] Building C object src/network/slirp/CMakeFiles/slirp.dir/tcp_timer.c.obj
[272/492] Building C object src/sio/CMakeFiles/sio.dir/sio_pc87306.c.obj
[273/492] Building C object src/sio/CMakeFiles/sio.dir/sio_pc87310.c.obj
[274/492] Building C object src/sio/CMakeFiles/sio.dir/sio_pc87311.c.obj
[275/492] Building C object src/sio/CMakeFiles/sio.dir/sio_prime3b.c.obj
[276/492] Building C object src/sio/CMakeFiles/sio.dir/sio_pc87307.c.obj
[277/492] Building C object src/network/slirp/CMakeFiles/slirp.dir/udp.c.obj
[278/492] Building C object src/sio/CMakeFiles/sio.dir/sio_pc87332.c.obj
[279/492] Building C object src/sio/CMakeFiles/sio.dir/sio_pc87309.c.obj
[280/492] Building C object src/network/slirp/CMakeFiles/slirp.dir/util.c.obj
[281/492] Building C object src/sio/CMakeFiles/sio.dir/sio_detect.c.obj
[282/492] Building C object src/sio/CMakeFiles/sio.dir/sio_prime3c.c.obj
[283/492] Building C object src/sio/CMakeFiles/sio.dir/sio_fdc37c93x.c.obj
[284/492] Building C object src/scsi/CMakeFiles/scsi.dir/scsi.c.obj
[285/492] Building C object src/sio/CMakeFiles/sio.dir/sio_um8669f.c.obj
[286/492] Building C object src/sio/CMakeFiles/sio.dir/sio_w83787f.c.obj
[287/492] Building C object src/sio/CMakeFiles/sio.dir/sio_vt82c686.c.obj
[288/492] Building C object src/sio/CMakeFiles/sio.dir/sio_w83877f.c.obj
[289/492] Building C object src/scsi/CMakeFiles/scsi.dir/scsi_device.c.obj
[290/492] Building C object src/printer/CMakeFiles/print.dir/prt_escp.c.obj
[291/492] Building C object src/sio/CMakeFiles/sio.dir/sio_w83977f.c.obj
[292/492] Building C object src/sound/CMakeFiles/snd.dir/snd_opl.c.obj
[293/492] Linking C static library src\network\slirp\libslirp.a
[294/492] Building C object src/sound/CMakeFiles/snd.dir/snd_speaker.c.obj
[295/492] Building C object src/sound/CMakeFiles/snd.dir/snd_lpt_dac.c.obj
[296/492] Building C object src/sound/CMakeFiles/snd.dir/sound.c.obj
[297/492] Building CXX object src/sound/CMakeFiles/snd.dir/snd_resid.cc.obj
[298/492] Building C object src/sound/CMakeFiles/snd.dir/snd_pssj.c.obj
[299/492] Building C object src/scsi/CMakeFiles/scsi.dir/scsi_aha154x.c.obj
[300/492] Building C object src/sound/CMakeFiles/snd.dir/midi.c.obj
[301/492] Building C object src/sound/CMakeFiles/snd.dir/snd_lpt_dss.c.obj
[302/492] Building C object src/scsi/CMakeFiles/scsi.dir/scsi_disk.c.obj
[303/492] Building C object src/sound/CMakeFiles/snd.dir/snd_ps1.c.obj
[304/492] Building C object src/scsi/CMakeFiles/scsi.dir/scsi_spock.c.obj
[305/492] Building C object src/sound/CMakeFiles/snd.dir/snd_adlib.c.obj
[306/492] Building C object src/sound/CMakeFiles/snd.dir/snd_ac97_codec.c.obj
[307/492] Building C object src/sound/CMakeFiles/snd.dir/snd_ac97_via.c.obj
[308/492] Building C object src/scsi/CMakeFiles/scsi.dir/scsi_buslogic.c.obj
[309/492] Building C object src/sound/CMakeFiles/snd.dir/snd_opl_nuked.c.obj
[310/492] Building C object src/scsi/CMakeFiles/scsi.dir/scsi_ncr5380.c.obj
[311/492] Building C object src/sound/CMakeFiles/snd.dir/snd_cms.c.obj
[312/492] Building C object src/scsi/CMakeFiles/scsi.dir/scsi_x54x.c.obj
[313/492] Building C object src/scsi/CMakeFiles/scsi.dir/scsi_pcscsi.c.obj
[314/492] Building C object src/sound/CMakeFiles/snd.dir/snd_ad1848.c.obj
[315/492] Building C object src/sound/CMakeFiles/snd.dir/snd_ssi2001.c.obj
[316/492] Building C object src/sound/CMakeFiles/snd.dir/snd_ym7128.c.obj
[317/492] Building C object src/sound/CMakeFiles/snd.dir/snd_azt2316a.c.obj
[318/492] Building C object src/sound/CMakeFiles/snd.dir/snd_wss.c.obj
[319/492] Building C object src/sound/CMakeFiles/snd.dir/snd_adlibgold.c.obj
[320/492] Building C object src/sound/CMakeFiles/snd.dir/snd_sn76489.c.obj
[321/492] Building C object src/scsi/CMakeFiles/scsi.dir/scsi_cdrom.c.obj
[322/492] Building C object src/scsi/CMakeFiles/scsi.dir/scsi_ncr53c8xx.c.obj
[323/492] Building C object src/sound/CMakeFiles/snd.dir/snd_cs423x.c.obj
[324/492] Building C object src/sound/CMakeFiles/snd.dir/openal.c.obj
[325/492] Building C object src/sound/CMakeFiles/snd.dir/snd_optimc.c.obj
[326/492] Building C object src/sound/CMakeFiles/snd.dir/snd_gus.c.obj
[327/492] Building C object src/sound/CMakeFiles/snd.dir/snd_cmi8x38.c.obj
[328/492] Building CXX object src/sound/munt/CMakeFiles/mt32emu.dir/LA32Ramp.cpp.obj
[329/492] Building C object src/sound/CMakeFiles/snd.dir/snd_audiopci.c.obj
[330/492] Building C object src/sound/CMakeFiles/snd.dir/midi_fluidsynth.c.obj
[331/492] Building CXX object src/sound/munt/CMakeFiles/mt32emu.dir/File.cpp.obj
[332/492] Building CXX object src/sound/munt/CMakeFiles/mt32emu.dir/Display.cpp.obj
[333/492] Building C object src/sound/CMakeFiles/snd.dir/midi_mt32.c.obj
[334/492] Building CXX object src/sound/munt/CMakeFiles/mt32emu.dir/LA32FloatWaveGenerator.cpp.obj
[335/492] Building C object src/sound/CMakeFiles/snd.dir/snd_sb_dsp.c.obj
[336/492] Building C object src/sound/CMakeFiles/snd.dir/snd_pas16.c.obj
[337/492] Building C object src/sound/CMakeFiles/snd.dir/snd_mpu401.c.obj
[338/492] Building CXX object src/sound/munt/CMakeFiles/mt32emu.dir/Analog.cpp.obj
[339/492] Building CXX object src/sound/munt/CMakeFiles/mt32emu.dir/Poly.cpp.obj
[340/492] Building C object src/sound/CMakeFiles/snd.dir/snd_emu8k.c.obj
[341/492] Building CXX object src/sound/munt/CMakeFiles/mt32emu.dir/LA32WaveGenerator.cpp.obj
[342/492] Building CXX object src/sound/munt/CMakeFiles/mt32emu.dir/SampleRateConverter.cpp.obj
[343/492] Building CXX object src/sound/munt/CMakeFiles/mt32emu.dir/PartialManager.cpp.obj
[344/492] Building C object src/sound/CMakeFiles/snd.dir/snd_sb.c.obj
[345/492] Building CXX object src/sound/munt/CMakeFiles/mt32emu.dir/MidiStreamParser.cpp.obj
[346/492] Building CXX object src/sound/CMakeFiles/snd.dir/snd_opl_ymfm.cpp.obj
[347/492] Building CXX object src/sound/munt/CMakeFiles/mt32emu.dir/srchelper/srctools/src/FIRResampler.cpp.obj
[348/492] Building CXX object src/sound/munt/CMakeFiles/mt32emu.dir/Partial.cpp.obj
[349/492] Building CXX object src/sound/CMakeFiles/snd.dir/midi_rtmidi.cpp.obj
[350/492] Building CXX object src/sound/munt/CMakeFiles/mt32emu.dir/srchelper/srctools/src/LinearResampler.cpp.obj
[351/492] Building CXX object src/sound/munt/CMakeFiles/mt32emu.dir/ROMInfo.cpp.obj
[352/492] Building CXX object src/sound/munt/CMakeFiles/mt32emu.dir/FileStream.cpp.obj
[353/492] Building CXX object src/sound/munt/CMakeFiles/mt32emu.dir/srchelper/InternalResampler.cpp.obj
[354/492] Building CXX object src/sound/munt/CMakeFiles/mt32emu.dir/srchelper/srctools/src/IIR2xResampler.cpp.obj
[355/492] Building CXX object src/sound/munt/CMakeFiles/mt32emu.dir/srchelper/srctools/src/SincResampler.cpp.obj
[356/492] Building CXX object src/sound/munt/CMakeFiles/mt32emu.dir/srchelper/srctools/src/ResamplerModel.cpp.obj
[357/492] Building CXX object src/sound/munt/CMakeFiles/mt32emu.dir/Tables.cpp.obj
[358/492] Building CXX object src/sound/munt/CMakeFiles/mt32emu.dir/BReverbModel.cpp.obj
[359/492] Building CXX object src/sound/munt/CMakeFiles/mt32emu.dir/TVF.cpp.obj
[360/492] Building CXX object src/sound/munt/CMakeFiles/mt32emu.dir/sha1/sha1.cpp.obj
[361/492] Building CXX object src/sound/munt/CMakeFiles/mt32emu.dir/Part.cpp.obj
[362/492] Building CXX object src/sound/resid-fp/CMakeFiles/resid-fp.dir/envelope.cc.obj
[363/492] Building CXX object src/sound/munt/CMakeFiles/mt32emu.dir/TVA.cpp.obj
[364/492] Building CXX object src/sound/munt/CMakeFiles/mt32emu.dir/TVP.cpp.obj
[365/492] Building CXX object src/sound/resid-fp/CMakeFiles/resid-fp.dir/convolve.cc.obj
[366/492] Building CXX object src/sound/resid-fp/CMakeFiles/resid-fp.dir/pot.cc.obj
[367/492] Building CXX object src/sound/resid-fp/CMakeFiles/resid-fp.dir/convolve-sse.cc.obj
[368/492] Building CXX object src/sound/resid-fp/CMakeFiles/resid-fp.dir/extfilt.cc.obj
[369/492] Building CXX object src/sound/resid-fp/CMakeFiles/resid-fp.dir/wave6581_PST.cc.obj
[370/492] Building CXX object src/sound/resid-fp/CMakeFiles/resid-fp.dir/wave6581_P_T.cc.obj
[371/492] Building CXX object src/sound/resid-fp/CMakeFiles/resid-fp.dir/wave6581_PS_.cc.obj
[372/492] Building CXX object src/sound/resid-fp/CMakeFiles/resid-fp.dir/filter.cc.obj
[373/492] Building CXX object src/sound/resid-fp/CMakeFiles/resid-fp.dir/wave6581__ST.cc.obj
[374/492] Building CXX object src/sound/resid-fp/CMakeFiles/resid-fp.dir/wave8580_PS_.cc.obj
[375/492] Building CXX object src/sound/resid-fp/CMakeFiles/resid-fp.dir/wave8580_PST.cc.obj
[376/492] Building CXX object src/sound/resid-fp/CMakeFiles/resid-fp.dir/wave.cc.obj
[377/492] Building CXX object src/sound/resid-fp/CMakeFiles/resid-fp.dir/voice.cc.obj
[378/492] Building CXX object src/sound/resid-fp/CMakeFiles/resid-fp.dir/wave8580_P_T.cc.obj
[379/492] Building CXX object src/sound/resid-fp/CMakeFiles/resid-fp.dir/wave8580__ST.cc.obj
[380/492] Building C object src/video/CMakeFiles/vid.dir/agpgart.c.obj
[381/492] Building CXX object src/sound/ymfm/CMakeFiles/ymfm.dir/ymfm_misc.cpp.obj
[382/492] Building C object src/video/CMakeFiles/vid.dir/vid_table.c.obj
[383/492] Building C object src/video/CMakeFiles/vid.dir/vid_cga_comp.c.obj
[384/492] Building C object src/video/CMakeFiles/vid.dir/vid_mda.c.obj
[385/492] Building CXX object src/sound/resid-fp/CMakeFiles/resid-fp.dir/sid.cc.obj
[386/492] Building C object src/video/CMakeFiles/vid.dir/vid_compaq_cga.c.obj
[387/492] Building C object src/video/CMakeFiles/vid.dir/vid_cga.c.obj
[388/492] Building C object src/video/CMakeFiles/vid.dir/vid_hercules.c.obj
[389/492] Building C object src/video/CMakeFiles/vid.dir/vid_herculesplus.c.obj
[390/492] Building C object src/video/CMakeFiles/vid.dir/vid_colorplus.c.obj
[391/492] Building C object src/video/CMakeFiles/vid.dir/video.c.obj
[392/492] Building C object src/video/CMakeFiles/vid.dir/vid_genius.c.obj
[393/492] Building CXX object src/sound/munt/CMakeFiles/mt32emu.dir/c_interface/c_interface.cpp.obj
[394/492] Building C object src/video/CMakeFiles/vid.dir/vid_incolor.c.obj
[395/492] Building CXX object src/sound/ymfm/CMakeFiles/ymfm.dir/ymfm_pcm.cpp.obj
[396/492] Linking CXX static library src\sound\resid-fp\libresid-fp.a
[397/492] Building CXX object src/sound/ymfm/CMakeFiles/ymfm.dir/ymfm_adpcm.cpp.obj
[398/492] Building C object src/video/CMakeFiles/vid.dir/vid_im1024.c.obj
[399/492] Building C object src/video/CMakeFiles/vid.dir/vid_ddc.c.obj
[400/492] Building C object src/video/CMakeFiles/vid.dir/vid_wy700.c.obj
[401/492] Building C object src/video/CMakeFiles/vid.dir/vid_sigma.c.obj
[402/492] Building C object src/video/CMakeFiles/vid.dir/vid_vga.c.obj
[403/492] Building C object src/video/CMakeFiles/vid.dir/vid_ati_eeprom.c.obj
[404/492] Building CXX object src/sound/ymfm/CMakeFiles/ymfm.dir/ymfm_opq.cpp.obj
[405/492] Building CXX object src/sound/ymfm/CMakeFiles/ymfm.dir/ymfm_opm.cpp.obj
[406/492] Building C object src/video/CMakeFiles/vid.dir/vid_ati18800.c.obj
[407/492] Building C object src/video/CMakeFiles/vid.dir/vid_ega_render.c.obj
[408/492] Building C object src/video/CMakeFiles/vid.dir/vid_av9194.c.obj
[409/492] Building C object src/video/CMakeFiles/vid.dir/vid_icd2061.c.obj
[410/492] Building C object src/video/CMakeFiles/vid.dir/vid_ega.c.obj
[411/492] Building C object src/video/CMakeFiles/vid.dir/vid_ati28800.c.obj
[412/492] Building C object src/video/CMakeFiles/vid.dir/vid_ati68860_ramdac.c.obj
[413/492] Building C object src/video/CMakeFiles/vid.dir/vid_ics2494.c.obj
[414/492] Building CXX object src/sound/munt/CMakeFiles/mt32emu.dir/Synth.cpp.obj
[415/492] Building C object src/video/CMakeFiles/vid.dir/vid_ics2595.c.obj
[416/492] Building C object src/video/CMakeFiles/vid.dir/vid_bt48x_ramdac.c.obj
[417/492] Building CXX object src/sound/ymfm/CMakeFiles/ymfm.dir/ymfm_opz.cpp.obj
[418/492] Building C object src/video/CMakeFiles/vid.dir/vid_et3000.c.obj
[419/492] Building C object src/video/CMakeFiles/vid.dir/vid_sc1148x_ramdac.c.obj
[420/492] Building C object src/video/CMakeFiles/vid.dir/vid_sc1502x_ramdac.c.obj
[421/492] Building C object src/video/CMakeFiles/vid.dir/vid_svga.c.obj
[422/492] Building C object src/video/CMakeFiles/vid.dir/vid_stg_ramdac.c.obj
[423/492] Building C object src/video/CMakeFiles/vid.dir/vid_pgc.c.obj
[424/492] Building C object src/video/CMakeFiles/vid.dir/vid_ti_cf62011.c.obj
[425/492] Linking CXX static library src\sound\munt\libmt32emu.a
[426/492] Building C object src/video/CMakeFiles/vid.dir/vid_rtg310x.c.obj
[427/492] Building C object src/video/CMakeFiles/vid.dir/vid_et4000.c.obj
[428/492] Building C object src/video/CMakeFiles/vid.dir/vid_oak_oti.c.obj
[429/492] Building C object src/video/CMakeFiles/vid.dir/vid_tkd8001_ramdac.c.obj
[430/492] Building C object src/video/CMakeFiles/vid.dir/vid_att20c49x_ramdac.c.obj
[431/492] Building C object src/video/CMakeFiles/vid.dir/vid_paradise.c.obj
[432/492] Building C object src/video/CMakeFiles/vid.dir/vid_f82c425.c.obj
[433/492] Building C object src/video/CMakeFiles/vid.dir/vid_tvga.c.obj
[434/492] Building C object src/video/CMakeFiles/vid.dir/vid_sdac_ramdac.c.obj
[435/492] Building C object src/video/CMakeFiles/vid.dir/vid_att2xc498_ramdac.c.obj
[436/492] Building C object src/video/CMakeFiles/vid.dir/vid_ht216.c.obj
[437/492] Building C object src/video/CMakeFiles/vid.dir/vid_tvp3026_ramdac.c.obj
[438/492] Building C object src/video/CMakeFiles/vid.dir/vid_svga_render.c.obj
[439/492] Building C object src/video/CMakeFiles/vid.dir/vid_ogc.c.obj
[440/492] Building C object src/video/CMakeFiles/vid.dir/vid_nga.c.obj
[441/492] Building C object src/video/CMakeFiles/vid.dir/vid_ibm_rgb528_ramdac.c.obj
[442/492] Building C object src/video/CMakeFiles/voodoo.dir/vid_voodoo_fifo.c.obj
[443/492] Building C object src/video/CMakeFiles/voodoo.dir/vid_voodoo_blitter.c.obj
[444/492] Building C object src/video/CMakeFiles/voodoo.dir/vid_voodoo.c.obj
[445/492] Building C object src/video/CMakeFiles/voodoo.dir/vid_voodoo_display.c.obj
[446/492] Building C object src/video/CMakeFiles/voodoo.dir/vid_voodoo_fb.c.obj
[447/492] Building C object src/video/CMakeFiles/vid.dir/vid_tgui9440.c.obj
[448/492] Building C object src/video/CMakeFiles/vid.dir/vid_cl54xx.c.obj
[449/492] Building C object src/video/CMakeFiles/vid.dir/vid_et4000w32.c.obj
[450/492] Building C object src/video/CMakeFiles/voodoo.dir/vid_voodoo_reg.c.obj
[451/492] Building C object src/video/CMakeFiles/voodoo.dir/vid_voodoo_setup.c.obj
[452/492] Building C object src/video/CMakeFiles/voodoo.dir/vid_voodoo_banshee_blitter.c.obj
[453/492] Building C object src/video/CMakeFiles/vid.dir/vid_8514a.c.obj
[454/492] Building CXX object src/sound/ymfm/CMakeFiles/ymfm.dir/ymfm_opn.cpp.obj
[455/492] Building C object src/video/CMakeFiles/vid.dir/vid_ati_mach64.c.obj
[456/492] Building C object src/video/CMakeFiles/voodoo.dir/vid_voodoo_texture.c.obj
[457/492] Building C object src/video/CMakeFiles/vid.dir/vid_xga.c.obj
[458/492] Building C object src/video/CMakeFiles/voodoo.dir/vid_voodoo_banshee.c.obj
[459/492] Building C object src/win/CMakeFiles/plat.dir/win_dynld.c.obj
[460/492] Building C object src/video/CMakeFiles/vid.dir/vid_s3_virge.c.obj
[461/492] Building C object src/win/CMakeFiles/plat.dir/win_keyboard.c.obj
[462/492] Building C object src/win/CMakeFiles/plat.dir/win_mouse.c.obj
[463/492] Building C object src/win/CMakeFiles/plat.dir/win_cdrom.c.obj
[464/492] Building C object src/win/CMakeFiles/ui.dir/win_icon.c.obj
[465/492] Building C object src/win/CMakeFiles/ui.dir/win_about.c.obj
[466/492] Building C object src/win/CMakeFiles/plat.dir/win_joystick_rawinput.c.obj
[467/492] Building C object src/video/CMakeFiles/vid.dir/vid_mga.c.obj
[468/492] Building C object src/win/CMakeFiles/ui.dir/win_sdl.c.obj
[469/492] Building C object src/win/CMakeFiles/ui.dir/win_snd_gain.c.obj
[470/492] Building C object src/win/CMakeFiles/ui.dir/win_opengl_glslp.c.obj
[471/492] Building C object src/win/CMakeFiles/ui.dir/win_stbar.c.obj
[472/492] Building C object src/win/CMakeFiles/ui.dir/win_specify_dim.c.obj
[473/492] Building C object src/win/CMakeFiles/ui.dir/win_ui.c.obj
[474/492] Building C object src/win/CMakeFiles/ui.dir/win_devconf.c.obj
[475/492] Building RC object src/win/CMakeFiles/ui.dir/86Box.rc.obj
[476/492] Building C object src/win/CMakeFiles/ui.dir/win_new_floppy.c.obj
[477/492] Building C object src/win/CMakeFiles/ui.dir/win_preferences.c.obj
[478/492] Building C object src/win/CMakeFiles/ui.dir/win_dialog.c.obj
[479/492] Building C object src/win/CMakeFiles/ui.dir/win_jsconf.c.obj
[480/492] Building C object src/win/CMakeFiles/plat.dir/win.c.obj
[481/492] Building C object src/win/CMakeFiles/ui.dir/glad.c.obj
[482/492] Building C object src/win/CMakeFiles/ui.dir/win_toolbar.c.obj
[483/492] Building CXX object src/sound/ymfm/CMakeFiles/ymfm.dir/ymfm_opl.cpp.obj
[484/492] Linking CXX static library src\sound\ymfm\libymfm.a
[485/492] Building C object src/video/CMakeFiles/voodoo.dir/vid_voodoo_render.c.obj
[486/492] Building C object src/video/CMakeFiles/vid.dir/vid_s3.c.obj
[487/492] Building C object src/win/CMakeFiles/ui.dir/win_media_menu.c.obj
[488/492] Building C object src/win/CMakeFiles/ui.dir/win_opengl.c.obj
[489/492] Building C object src/win/CMakeFiles/ui.dir/win_settings.c.obj
[490/492] Building C object src/cpu/CMakeFiles/cpu.dir/386_dynarec_ops.c.obj
[491/492] Building C object src/cpu/CMakeFiles/cpu.dir/386_dynarec.c.obj
[492/492] Linking CXX executable src\86Box.exe
